[2021-03-02 19:08:02] local.ERROR: SQLSTATE[HY000] [1045] Access denied for user 'dxabop'@'132.154.182.175' (using password: YES) (SQL: select * from information_schema.tables where table_schema = dx_boutiques and table_name = services) {"exception":"[object] (Illuminate\\Database\\QueryException(code: 1045): SQLSTATE[HY000] [1045] Access denied for user 'dxabop'@'132.154.182.175' (using password: YES) (SQL: select * from information_schema.tables where table_schema = dx_boutiques and table_name = services) at C:\\Users\\hp\\Desktop\\downloads\\abopin\\abop.in\\vendor\\laravel\\framework\\src\\Illuminate\\Database\\Connection.php:664, Doctrine\\DBAL\\Driver\\PDOException(code: 1045): SQLSTATE[HY000] [1045] Access denied for user 'dxabop'@'132.154.182.175' (using password: YES) at C:\\Users\\hp\\Desktop\\downloads\\abopin\\abop.in\\vendor\\doctrine\\dbal\\lib\\Doctrine\\DBAL\\Driver\\PDOConnection.php:31, PDOException(code: 1045): SQLSTATE[HY000] [1045] Access denied for user 'dxabop'@'132.154.182.175' (using password: YES) at C:\\Users\\hp\\Desktop\\downloads\\abopin\\abop.in\\vendor\\doctrine\\dbal\\lib\\Doctrine\\DBAL\\Driver\\PDOConnection.php:27)
[stacktrace]
#0 C:\\Users\\hp\\Desktop\\downloads\\abopin\\abop.in\\vendor\\laravel\\framework\\src\\Illuminate\\Database\\Connection.php(624): Illuminate\\Database\\Connection->runQueryCallback('select * from i...', Array, Object(Closure))
#1 C:\\Users\\hp\\Desktop\\downloads\\abopin\\abop.in\\vendor\\laravel\\framework\\src\\Illuminate\\Database\\Connection.php(333): Illuminate\\Database\\Connection->run('select * from i...', Array, Object(Closure))
#2 C:\\Users\\hp\\Desktop\\downloads\\abopin\\abop.in\\vendor\\laravel\\framework\\src\\Illuminate\\Database\\Schema\\MySqlBuilder.php(18): Illuminate\\Database\\Connection->select('select * from i...', Array)
#3 C:\\Users\\hp\\Desktop\\downloads\\abopin\\abop.in\\vendor\\laravel\\framework\\src\\Illuminate\\Support\\Facades\\Facade.php(237): Illuminate\\Database\\Schema\\MySqlBuilder->hasTable('services')
#4 C:\\Users\\hp\\Desktop\\downloads\\abopin\\abop.in\\app\\Helper.php(4312): Illuminate\\Support\\Facades\\Facade::__callStatic('hasTable', Array)
#5 C:\\Users\\hp\\Desktop\\downloads\\abopin\\abop.in\outes\\web.php(71): App\\Helper::getAccessType()
#6 C:\\Users\\hp\\Desktop\\downloads\\abopin\\abop.in\\vendor\\laravel\\framework\\src\\Illuminate\\Routing\\Router.php(417): require('C:\\\\Users\\\\hp\\\\Des...')
#7 C:\\Users\\hp\\Desktop\\downloads\\abopin\\abop.in\\vendor\\laravel\\framework\\src\\Illuminate\\Routing\\Router.php(373): Illuminate\\Routing\\Router->loadRoutes('C:\\\\Users\\\\hp\\\\Des...')
#8 C:\\Users\\hp\\Desktop\\downloads\\abopin\\abop.in\\vendor\\laravel\\framework\\src\\Illuminate\\Routing\\RouteRegistrar.php(121): Illuminate\\Routing\\Router->group(Array, 'C:\\\\Users\\\\hp\\\\Des...')
#9 C:\\Users\\hp\\Desktop\\downloads\\abopin\\abop.in\\app\\Providers\\RouteServiceProvider.php(56): Illuminate\\Routing\\RouteRegistrar->group('C:\\\\Users\\\\hp\\\\Des...')
#10 C:\\Users\\hp\\Desktop\\downloads\\abopin\\abop.in\\app\\Providers\\RouteServiceProvider.php(40): App\\Providers\\RouteServiceProvider->mapWebRoutes()
#11 [internal function]: App\\Providers\\RouteServiceProvider->map()
#12 C:\\Users\\hp\\Desktop\\downloads\\abopin\\abop.in\\vendor\\laravel\\framework\\src\\Illuminate\\Container\\BoundMethod.php(29): call_user_func_array(Array, Array)
#13 C:\\Users\\hp\\Desktop\\downloads\\abopin\\abop.in\\vendor\\laravel\\framework\\src\\Illuminate\\Container\\BoundMethod.php(87): Illuminate\\Container\\BoundMethod::Illuminate\\Container\\{closure}()
#14 C:\\Users\\hp\\Desktop\\downloads\\abopin\\abop.in\\vendor\\laravel\\framework\\src\\Illuminate\\Container\\BoundMethod.php(31): Illuminate\\Container\\BoundMethod::callBoundMethod(Object(Illuminate\\Foundation\\Application), Array, Object(Closure))
#15 C:\\Users\\hp\\Desktop\\downloads\\abopin\\abop.in\\vendor\\laravel\\framework\\src\\Illuminate\\Container\\Container.php(572): Illuminate\\Container\\BoundMethod::call(Object(Illuminate\\Foundation\\Application), Array, Array, NULL)
#16 C:\\Users\\hp\\Desktop\\downloads\\abopin\\abop.in\\vendor\\laravel\\framework\\src\\Illuminate\\Foundation\\Support\\Providers\\RouteServiceProvider.php(77): Illuminate\\Container\\Container->call(Array)
#17 C:\\Users\\hp\\Desktop\\downloads\\abopin\\abop.in\\vendor\\laravel\\framework\\src\\Illuminate\\Foundation\\Support\\Providers\\RouteServiceProvider.php(36): Illuminate\\Foundation\\Support\\Providers\\RouteServiceProvider->loadRoutes()
#18 C:\\Users\\hp\\Desktop\\downloads\\abopin\\abop.in\\app\\Providers\\RouteServiceProvider.php(28): Illuminate\\Foundation\\Support\\Providers\\RouteServiceProvider->boot()
#19 [internal function]: App\\Providers\\RouteServiceProvider->boot()
#20 C:\\Users\\hp\\Desktop\\downloads\\abopin\\abop.in\\vendor\\laravel\\framework\\src\\Illuminate\\Container\\BoundMethod.php(29): call_user_func_array(Array, Array)
#21 C:\\Users\\hp\\Desktop\\downloads\\abopin\\abop.in\\vendor\\laravel\\framework\\src\\Illuminate\\Container\\BoundMethod.php(87): Illuminate\\Container\\BoundMethod::Illuminate\\Container\\{closure}()
#22 C:\\Users\\hp\\Desktop\\downloads\\abopin\\abop.in\\vendor\\laravel\\framework\\src\\Illuminate\\Container\\BoundMethod.php(31): Illuminate\\Container\\BoundMethod::callBoundMethod(Object(Illuminate\\Foundation\\Application), Array, Object(Closure))
#23 C:\\Users\\hp\\Desktop\\downloads\\abopin\\abop.in\\vendor\\laravel\\framework\\src\\Illuminate\\Container\\Container.php(572): Illuminate\\Container\\BoundMethod::call(Object(Illuminate\\Foundation\\Application), Array, Array, NULL)
#24 C:\\Users\\hp\\Desktop\\downloads\\abopin\\abop.in\\vendor\\laravel\\framework\\src\\Illuminate\\Foundation\\Application.php(819): Illuminate\\Container\\Container->call(Array)
#25 C:\\Users\\hp\\Desktop\\downloads\\abopin\\abop.in\\vendor\\laravel\\framework\\src\\Illuminate\\Foundation\\Application.php(802): Illuminate\\Foundation\\Application->bootProvider(Object(App\\Providers\\RouteServiceProvider))
#26 [internal function]: Illuminate\\Foundation\\Application->Illuminate\\Foundation\\{closure}(Object(App\\Providers\\RouteServiceProvider), 35)
#27 C:\\Users\\hp\\Desktop\\downloads\\abopin\\abop.in\\vendor\\laravel\\framework\\src\\Illuminate\\Foundation\\Application.php(803): array_walk(Array, Object(Closure))
#28 C:\\Users\\hp\\Desktop\\downloads\\abopin\\abop.in\\vendor\\laravel\\framework\\src\\Illuminate\\Foundation\\Bootstrap\\BootProviders.php(17): Illuminate\\Foundation\\Application->boot()
#29 C:\\Users\\hp\\Desktop\\downloads\\abopin\\abop.in\\vendor\\laravel\\framework\\src\\Illuminate\\Foundation\\Application.php(211): Illuminate\\Foundation\\Bootstrap\\BootProviders->bootstrap(Object(Illuminate\\Foundation\\Application))
#30 C:\\Users\\hp\\Desktop\\downloads\\abopin\\abop.in\\vendor\\laravel\\framework\\src\\Illuminate\\Foundation\\Console\\Kernel.php(297): Illuminate\\Foundation\\Application->bootstrapWith(Array)
#31 C:\\Users\\hp\\Desktop\\downloads\\abopin\\abop.in\\vendor\\laravel\\framework\\src\\Illuminate\\Foundation\\Console\\Kernel.php(120): Illuminate\\Foundation\\Console\\Kernel->bootstrap()
#32 Command line code(1): Illuminate\\Foundation\\Console\\Kernel->handle(Object(Symfony\\Component\\Console\\Input\\ArgvInput), Object(Symfony\\Component\\Console\\Output\\ConsoleOutput))
#33 {main}
"} 
[2021-03-02 19:09:15] local.ERROR: SQLSTATE[HY000] [1045] Access denied for user 'dxabop'@'132.154.182.175' (using password: YES) (SQL: select * from information_schema.tables where table_schema = dx_boutiques and table_name = services) {"exception":"[object] (Illuminate\\Database\\QueryException(code: 1045): SQLSTATE[HY000] [1045] Access denied for user 'dxabop'@'132.154.182.175' (using password: YES) (SQL: select * from information_schema.tables where table_schema = dx_boutiques and table_name = services) at C:\\Users\\hp\\Desktop\\downloads\\abopin\\abop.in\\vendor\\laravel\\framework\\src\\Illuminate\\Database\\Connection.php:664, Doctrine\\DBAL\\Driver\\PDOException(code: 1045): SQLSTATE[HY000] [1045] Access denied for user 'dxabop'@'132.154.182.175' (using password: YES) at C:\\Users\\hp\\Desktop\\downloads\\abopin\\abop.in\\vendor\\doctrine\\dbal\\lib\\Doctrine\\DBAL\\Driver\\PDOConnection.php:31, PDOException(code: 1045): SQLSTATE[HY000] [1045] Access denied for user 'dxabop'@'132.154.182.175' (using password: YES) at C:\\Users\\hp\\Desktop\\downloads\\abopin\\abop.in\\vendor\\doctrine\\dbal\\lib\\Doctrine\\DBAL\\Driver\\PDOConnection.php:27)
[stacktrace]
#0 C:\\Users\\hp\\Desktop\\downloads\\abopin\\abop.in\\vendor\\laravel\\framework\\src\\Illuminate\\Database\\Connection.php(624): Illuminate\\Database\\Connection->runQueryCallback('select * from i...', Array, Object(Closure))
#1 C:\\Users\\hp\\Desktop\\downloads\\abopin\\abop.in\\vendor\\laravel\\framework\\src\\Illuminate\\Database\\Connection.php(333): Illuminate\\Database\\Connection->run('select * from i...', Array, Object(Closure))
#2 C:\\Users\\hp\\Desktop\\downloads\\abopin\\abop.in\\vendor\\laravel\\framework\\src\\Illuminate\\Database\\Schema\\MySqlBuilder.php(18): Illuminate\\Database\\Connection->select('select * from i...', Array)
#3 C:\\Users\\hp\\Desktop\\downloads\\abopin\\abop.in\\vendor\\laravel\\framework\\src\\Illuminate\\Support\\Facades\\Facade.php(237): Illuminate\\Database\\Schema\\MySqlBuilder->hasTable('services')
#4 C:\\Users\\hp\\Desktop\\downloads\\abopin\\abop.in\\app\\Helper.php(4312): Illuminate\\Support\\Facades\\Facade::__callStatic('hasTable', Array)
#5 C:\\Users\\hp\\Desktop\\downloads\\abopin\\abop.in\outes\\web.php(71): App\\Helper::getAccessType()
#6 C:\\Users\\hp\\Desktop\\downloads\\abopin\\abop.in\\vendor\\laravel\\framework\\src\\Illuminate\\Routing\\Router.php(417): require('C:\\\\Users\\\\hp\\\\Des...')
#7 C:\\Users\\hp\\Desktop\\downloads\\abopin\\abop.in\\vendor\\laravel\\framework\\src\\Illuminate\\Routing\\Router.php(373): Illuminate\\Routing\\Router->loadRoutes('C:\\\\Users\\\\hp\\\\Des...')
#8 C:\\Users\\hp\\Desktop\\downloads\\abopin\\abop.in\\vendor\\laravel\\framework\\src\\Illuminate\\Routing\\RouteRegistrar.php(121): Illuminate\\Routing\\Router->group(Array, 'C:\\\\Users\\\\hp\\\\Des...')
#9 C:\\Users\\hp\\Desktop\\downloads\\abopin\\abop.in\\app\\Providers\\RouteServiceProvider.php(56): Illuminate\\Routing\\RouteRegistrar->group('C:\\\\Users\\\\hp\\\\Des...')
#10 C:\\Users\\hp\\Desktop\\downloads\\abopin\\abop.in\\app\\Providers\\RouteServiceProvider.php(40): App\\Providers\\RouteServiceProvider->mapWebRoutes()
#11 [internal function]: App\\Providers\\RouteServiceProvider->map()
#12 C:\\Users\\hp\\Desktop\\downloads\\abopin\\abop.in\\vendor\\laravel\\framework\\src\\Illuminate\\Container\\BoundMethod.php(29): call_user_func_array(Array, Array)
#13 C:\\Users\\hp\\Desktop\\downloads\\abopin\\abop.in\\vendor\\laravel\\framework\\src\\Illuminate\\Container\\BoundMethod.php(87): Illuminate\\Container\\BoundMethod::Illuminate\\Container\\{closure}()
#14 C:\\Users\\hp\\Desktop\\downloads\\abopin\\abop.in\\vendor\\laravel\\framework\\src\\Illuminate\\Container\\BoundMethod.php(31): Illuminate\\Container\\BoundMethod::callBoundMethod(Object(Illuminate\\Foundation\\Application), Array, Object(Closure))
#15 C:\\Users\\hp\\Desktop\\downloads\\abopin\\abop.in\\vendor\\laravel\\framework\\src\\Illuminate\\Container\\Container.php(572): Illuminate\\Container\\BoundMethod::call(Object(Illuminate\\Foundation\\Application), Array, Array, NULL)
#16 C:\\Users\\hp\\Desktop\\downloads\\abopin\\abop.in\\vendor\\laravel\\framework\\src\\Illuminate\\Foundation\\Support\\Providers\\RouteServiceProvider.php(77): Illuminate\\Container\\Container->call(Array)
#17 C:\\Users\\hp\\Desktop\\downloads\\abopin\\abop.in\\vendor\\laravel\\framework\\src\\Illuminate\\Foundation\\Support\\Providers\\RouteServiceProvider.php(36): Illuminate\\Foundation\\Support\\Providers\\RouteServiceProvider->loadRoutes()
#18 C:\\Users\\hp\\Desktop\\downloads\\abopin\\abop.in\\app\\Providers\\RouteServiceProvider.php(28): Illuminate\\Foundation\\Support\\Providers\\RouteServiceProvider->boot()
#19 [internal function]: App\\Providers\\RouteServiceProvider->boot()
#20 C:\\Users\\hp\\Desktop\\downloads\\abopin\\abop.in\\vendor\\laravel\\framework\\src\\Illuminate\\Container\\BoundMethod.php(29): call_user_func_array(Array, Array)
#21 C:\\Users\\hp\\Desktop\\downloads\\abopin\\abop.in\\vendor\\laravel\\framework\\src\\Illuminate\\Container\\BoundMethod.php(87): Illuminate\\Container\\BoundMethod::Illuminate\\Container\\{closure}()
#22 C:\\Users\\hp\\Desktop\\downloads\\abopin\\abop.in\\vendor\\laravel\\framework\\src\\Illuminate\\Container\\BoundMethod.php(31): Illuminate\\Container\\BoundMethod::callBoundMethod(Object(Illuminate\\Foundation\\Application), Array, Object(Closure))
#23 C:\\Users\\hp\\Desktop\\downloads\\abopin\\abop.in\\vendor\\laravel\\framework\\src\\Illuminate\\Container\\Container.php(572): Illuminate\\Container\\BoundMethod::call(Object(Illuminate\\Foundation\\Application), Array, Array, NULL)
#24 C:\\Users\\hp\\Desktop\\downloads\\abopin\\abop.in\\vendor\\laravel\\framework\\src\\Illuminate\\Foundation\\Application.php(819): Illuminate\\Container\\Container->call(Array)
#25 C:\\Users\\hp\\Desktop\\downloads\\abopin\\abop.in\\vendor\\laravel\\framework\\src\\Illuminate\\Foundation\\Application.php(802): Illuminate\\Foundation\\Application->bootProvider(Object(App\\Providers\\RouteServiceProvider))
#26 [internal function]: Illuminate\\Foundation\\Application->Illuminate\\Foundation\\{closure}(Object(App\\Providers\\RouteServiceProvider), 35)
#27 C:\\Users\\hp\\Desktop\\downloads\\abopin\\abop.in\\vendor\\laravel\\framework\\src\\Illuminate\\Foundation\\Application.php(803): array_walk(Array, Object(Closure))
#28 C:\\Users\\hp\\Desktop\\downloads\\abopin\\abop.in\\vendor\\laravel\\framework\\src\\Illuminate\\Foundation\\Bootstrap\\BootProviders.php(17): Illuminate\\Foundation\\Application->boot()
#29 C:\\Users\\hp\\Desktop\\downloads\\abopin\\abop.in\\vendor\\laravel\\framework\\src\\Illuminate\\Foundation\\Application.php(211): Illuminate\\Foundation\\Bootstrap\\BootProviders->bootstrap(Object(Illuminate\\Foundation\\Application))
#30 C:\\Users\\hp\\Desktop\\downloads\\abopin\\abop.in\\vendor\\laravel\\framework\\src\\Illuminate\\Foundation\\Console\\Kernel.php(297): Illuminate\\Foundation\\Application->bootstrapWith(Array)
#31 C:\\Users\\hp\\Desktop\\downloads\\abopin\\abop.in\\vendor\\laravel\\framework\\src\\Illuminate\\Foundation\\Console\\Kernel.php(120): Illuminate\\Foundation\\Console\\Kernel->bootstrap()
#32 C:\\Users\\hp\\Desktop\\downloads\\abopin\\abop.in\\artisan(37): Illuminate\\Foundation\\Console\\Kernel->handle(Object(Symfony\\Component\\Console\\Input\\ArgvInput), Object(Symfony\\Component\\Console\\Output\\ConsoleOutput))
#33 {main}
"} 
[2021-03-02 19:10:09] local.ERROR: Unparenthesized `a ? b : c ? d : e` is deprecated. Use either `(a ? b : c) ? d : e` or `a ? b : (c ? d : e)` {"exception":"[object] (ErrorException(code: 0): Unparenthesized `a ? b : c ? d : e` is deprecated. Use either `(a ? b : c) ? d : e` or `a ? b : (c ? d : e)` at C:\\Users\\hp\\Desktop\\downloads\\abopin\\abop.in\\vendor\\themsaid\\laravel-langman\\src\\Commands\\FindCommand.php:113)
[stacktrace]
#0 C:\\Users\\hp\\Desktop\\downloads\\abopin\\abop.in\\vendor\\composer\\ClassLoader.php(444): Illuminate\\Foundation\\Bootstrap\\HandleExceptions->handleError(8192, 'Unparenthesized...', 'C:\\\\Users\\\\hp\\\\Des...', 113, Array)
#1 C:\\Users\\hp\\Desktop\\downloads\\abopin\\abop.in\\vendor\\composer\\ClassLoader.php(444): include()
#2 C:\\Users\\hp\\Desktop\\downloads\\abopin\\abop.in\\vendor\\composer\\ClassLoader.php(322): Composer\\Autoload\\includeFile('C:\\\\Users\\\\hp\\\\Des...')
#3 [internal function]: Composer\\Autoload\\ClassLoader->loadClass('Themsaid\\\\Langma...')
#4 [internal function]: spl_autoload_call('Themsaid\\\\Langma...')
#5 C:\\Users\\hp\\Desktop\\downloads\\abopin\\abop.in\\vendor\\laravel\\framework\\src\\Illuminate\\Container\\Container.php(779): ReflectionClass->__construct('Themsaid\\\\Langma...')
#6 C:\\Users\\hp\\Desktop\\downloads\\abopin\\abop.in\\vendor\\laravel\\framework\\src\\Illuminate\\Container\\Container.php(658): Illuminate\\Container\\Container->build('Themsaid\\\\Langma...')
#7 C:\\Users\\hp\\Desktop\\downloads\\abopin\\abop.in\\vendor\\laravel\\framework\\src\\Illuminate\\Container\\Container.php(609): Illuminate\\Container\\Container->resolve('Themsaid\\\\Langma...', Array)
#8 C:\\Users\\hp\\Desktop\\downloads\\abopin\\abop.in\\vendor\\laravel\\framework\\src\\Illuminate\\Foundation\\Application.php(759): Illuminate\\Container\\Container->make('Themsaid\\\\Langma...', Array)
#9 C:\\Users\\hp\\Desktop\\downloads\\abopin\\abop.in\\vendor\\laravel\\framework\\src\\Illuminate\\Console\\Application.php(241): Illuminate\\Foundation\\Application->make('Themsaid\\\\Langma...')
#10 C:\\Users\\hp\\Desktop\\downloads\\abopin\\abop.in\\vendor\\laravel\\framework\\src\\Illuminate\\Console\\Application.php(255): Illuminate\\Console\\Application->resolve('Themsaid\\\\Langma...')
#11 C:\\Users\\hp\\Desktop\\downloads\\abopin\\abop.in\\vendor\\laravel\\framework\\src\\Illuminate\\Support\\ServiceProvider.php(267): Illuminate\\Console\\Application->resolveCommands(Array)
#12 C:\\Users\\hp\\Desktop\\downloads\\abopin\\abop.in\\vendor\\laravel\\framework\\src\\Illuminate\\Console\\Application.php(148): Illuminate\\Support\\ServiceProvider->Illuminate\\Support\\{closure}(Object(Illuminate\\Console\\Application))
#13 C:\\Users\\hp\\Desktop\\downloads\\abopin\\abop.in\\vendor\\laravel\\framework\\src\\Illuminate\\Console\\Application.php(71): Illuminate\\Console\\Application->bootstrap()
#14 C:\\Users\\hp\\Desktop\\downloads\\abopin\\abop.in\\vendor\\laravel\\framework\\src\\Illuminate\\Foundation\\Console\\Kernel.php(317): Illuminate\\Console\\Application->__construct(Object(Illuminate\\Foundation\\Application), Object(Illuminate\\Events\\Dispatcher), '5.7.29')
#15 C:\\Users\\hp\\Desktop\\downloads\\abopin\\abop.in\\vendor\\laravel\\framework\\src\\Illuminate\\Foundation\\Console\\Kernel.php(122): Illuminate\\Foundation\\Console\\Kernel->getArtisan()
#16 C:\\Users\\hp\\Desktop\\downloads\\abopin\\abop.in\\artisan(37): Illuminate\\Foundation\\Console\\Kernel->handle(Object(Symfony\\Component\\Console\\Input\\ArgvInput), Object(Symfony\\Component\\Console\\Output\\ConsoleOutput))
#17 {main}
"} 
[2021-03-02 19:10:13] local.ERROR: Unparenthesized `a ? b : c ? d : e` is deprecated. Use either `(a ? b : c) ? d : e` or `a ? b : (c ? d : e)` {"exception":"[object] (ErrorException(code: 0): Unparenthesized `a ? b : c ? d : e` is deprecated. Use either `(a ? b : c) ? d : e` or `a ? b : (c ? d : e)` at C:\\Users\\hp\\Desktop\\downloads\\abopin\\abop.in\\vendor\\themsaid\\laravel-langman\\src\\Commands\\FindCommand.php:113)
[stacktrace]
#0 C:\\Users\\hp\\Desktop\\downloads\\abopin\\abop.in\\vendor\\composer\\ClassLoader.php(444): Illuminate\\Foundation\\Bootstrap\\HandleExceptions->handleError(8192, 'Unparenthesized...', 'C:\\\\Users\\\\hp\\\\Des...', 113, Array)
#1 C:\\Users\\hp\\Desktop\\downloads\\abopin\\abop.in\\vendor\\composer\\ClassLoader.php(444): include()
#2 C:\\Users\\hp\\Desktop\\downloads\\abopin\\abop.in\\vendor\\composer\\ClassLoader.php(322): Composer\\Autoload\\includeFile('C:\\\\Users\\\\hp\\\\Des...')
#3 [internal function]: Composer\\Autoload\\ClassLoader->loadClass('Themsaid\\\\Langma...')
#4 [internal function]: spl_autoload_call('Themsaid\\\\Langma...')
#5 C:\\Users\\hp\\Desktop\\downloads\\abopin\\abop.in\\vendor\\laravel\\framework\\src\\Illuminate\\Container\\Container.php(779): ReflectionClass->__construct('Themsaid\\\\Langma...')
#6 C:\\Users\\hp\\Desktop\\downloads\\abopin\\abop.in\\vendor\\laravel\\framework\\src\\Illuminate\\Container\\Container.php(658): Illuminate\\Container\\Container->build('Themsaid\\\\Langma...')
#7 C:\\Users\\hp\\Desktop\\downloads\\abopin\\abop.in\\vendor\\laravel\\framework\\src\\Illuminate\\Container\\Container.php(609): Illuminate\\Container\\Container->resolve('Themsaid\\\\Langma...', Array)
#8 C:\\Users\\hp\\Desktop\\downloads\\abopin\\abop.in\\vendor\\laravel\\framework\\src\\Illuminate\\Foundation\\Application.php(759): Illuminate\\Container\\Container->make('Themsaid\\\\Langma...', Array)
#9 C:\\Users\\hp\\Desktop\\downloads\\abopin\\abop.in\\vendor\\laravel\\framework\\src\\Illuminate\\Console\\Application.php(241): Illuminate\\Foundation\\Application->make('Themsaid\\\\Langma...')
#10 C:\\Users\\hp\\Desktop\\downloads\\abopin\\abop.in\\vendor\\laravel\\framework\\src\\Illuminate\\Console\\Application.php(255): Illuminate\\Console\\Application->resolve('Themsaid\\\\Langma...')
#11 C:\\Users\\hp\\Desktop\\downloads\\abopin\\abop.in\\vendor\\laravel\\framework\\src\\Illuminate\\Support\\ServiceProvider.php(267): Illuminate\\Console\\Application->resolveCommands(Array)
#12 C:\\Users\\hp\\Desktop\\downloads\\abopin\\abop.in\\vendor\\laravel\\framework\\src\\Illuminate\\Console\\Application.php(148): Illuminate\\Support\\ServiceProvider->Illuminate\\Support\\{closure}(Object(Illuminate\\Console\\Application))
#13 C:\\Users\\hp\\Desktop\\downloads\\abopin\\abop.in\\vendor\\laravel\\framework\\src\\Illuminate\\Console\\Application.php(71): Illuminate\\Console\\Application->bootstrap()
#14 C:\\Users\\hp\\Desktop\\downloads\\abopin\\abop.in\\vendor\\laravel\\framework\\src\\Illuminate\\Foundation\\Console\\Kernel.php(317): Illuminate\\Console\\Application->__construct(Object(Illuminate\\Foundation\\Application), Object(Illuminate\\Events\\Dispatcher), '5.7.29')
#15 C:\\Users\\hp\\Desktop\\downloads\\abopin\\abop.in\\vendor\\laravel\\framework\\src\\Illuminate\\Foundation\\Console\\Kernel.php(122): Illuminate\\Foundation\\Console\\Kernel->getArtisan()
#16 Command line code(1): Illuminate\\Foundation\\Console\\Kernel->handle(Object(Symfony\\Component\\Console\\Input\\ArgvInput), Object(Symfony\\Component\\Console\\Output\\ConsoleOutput))
#17 {main}
"} 
[2021-03-02 19:10:14] local.ERROR: Unparenthesized `a ? b : c ? d : e` is deprecated. Use either `(a ? b : c) ? d : e` or `a ? b : (c ? d : e)` {"exception":"[object] (ErrorException(code: 0): Unparenthesized `a ? b : c ? d : e` is deprecated. Use either `(a ? b : c) ? d : e` or `a ? b : (c ? d : e)` at C:\\Users\\hp\\Desktop\\downloads\\abopin\\abop.in\\vendor\\themsaid\\laravel-langman\\src\\Commands\\FindCommand.php:113)
[stacktrace]
#0 C:\\Users\\hp\\Desktop\\downloads\\abopin\\abop.in\\vendor\\composer\\ClassLoader.php(444): Illuminate\\Foundation\\Bootstrap\\HandleExceptions->handleError(8192, 'Unparenthesized...', 'C:\\\\Users\\\\hp\\\\Des...', 113, Array)
#1 C:\\Users\\hp\\Desktop\\downloads\\abopin\\abop.in\\vendor\\composer\\ClassLoader.php(444): include()
#2 C:\\Users\\hp\\Desktop\\downloads\\abopin\\abop.in\\vendor\\composer\\ClassLoader.php(322): Composer\\Autoload\\includeFile('C:\\\\Users\\\\hp\\\\Des...')
#3 [internal function]: Composer\\Autoload\\ClassLoader->loadClass('Themsaid\\\\Langma...')
#4 [internal function]: spl_autoload_call('Themsaid\\\\Langma...')
#5 C:\\Users\\hp\\Desktop\\downloads\\abopin\\abop.in\\vendor\\laravel\\framework\\src\\Illuminate\\Container\\Container.php(779): ReflectionClass->__construct('Themsaid\\\\Langma...')
#6 C:\\Users\\hp\\Desktop\\downloads\\abopin\\abop.in\\vendor\\laravel\\framework\\src\\Illuminate\\Container\\Container.php(658): Illuminate\\Container\\Container->build('Themsaid\\\\Langma...')
#7 C:\\Users\\hp\\Desktop\\downloads\\abopin\\abop.in\\vendor\\laravel\\framework\\src\\Illuminate\\Container\\Container.php(609): Illuminate\\Container\\Container->resolve('Themsaid\\\\Langma...', Array)
#8 C:\\Users\\hp\\Desktop\\downloads\\abopin\\abop.in\\vendor\\laravel\\framework\\src\\Illuminate\\Foundation\\Application.php(759): Illuminate\\Container\\Container->make('Themsaid\\\\Langma...', Array)
#9 C:\\Users\\hp\\Desktop\\downloads\\abopin\\abop.in\\vendor\\laravel\\framework\\src\\Illuminate\\Console\\Application.php(241): Illuminate\\Foundation\\Application->make('Themsaid\\\\Langma...')
#10 C:\\Users\\hp\\Desktop\\downloads\\abopin\\abop.in\\vendor\\laravel\\framework\\src\\Illuminate\\Console\\Application.php(255): Illuminate\\Console\\Application->resolve('Themsaid\\\\Langma...')
#11 C:\\Users\\hp\\Desktop\\downloads\\abopin\\abop.in\\vendor\\laravel\\framework\\src\\Illuminate\\Support\\ServiceProvider.php(267): Illuminate\\Console\\Application->resolveCommands(Array)
#12 C:\\Users\\hp\\Desktop\\downloads\\abopin\\abop.in\\vendor\\laravel\\framework\\src\\Illuminate\\Console\\Application.php(148): Illuminate\\Support\\ServiceProvider->Illuminate\\Support\\{closure}(Object(Illuminate\\Console\\Application))
#13 C:\\Users\\hp\\Desktop\\downloads\\abopin\\abop.in\\vendor\\laravel\\framework\\src\\Illuminate\\Console\\Application.php(71): Illuminate\\Console\\Application->bootstrap()
#14 C:\\Users\\hp\\Desktop\\downloads\\abopin\\abop.in\\vendor\\laravel\\framework\\src\\Illuminate\\Foundation\\Console\\Kernel.php(317): Illuminate\\Console\\Application->__construct(Object(Illuminate\\Foundation\\Application), Object(Illuminate\\Events\\Dispatcher), '5.7.29')
#15 C:\\Users\\hp\\Desktop\\downloads\\abopin\\abop.in\\vendor\\laravel\\framework\\src\\Illuminate\\Foundation\\Console\\Kernel.php(122): Illuminate\\Foundation\\Console\\Kernel->getArtisan()
#16 Command line code(1): Illuminate\\Foundation\\Console\\Kernel->handle(Object(Symfony\\Component\\Console\\Input\\ArgvInput), Object(Symfony\\Component\\Console\\Output\\ConsoleOutput))
#17 {main}
"} 
[2021-03-02 19:10:14] local.ERROR: Unparenthesized `a ? b : c ? d : e` is deprecated. Use either `(a ? b : c) ? d : e` or `a ? b : (c ? d : e)` {"exception":"[object] (ErrorException(code: 0): Unparenthesized `a ? b : c ? d : e` is deprecated. Use either `(a ? b : c) ? d : e` or `a ? b : (c ? d : e)` at C:\\Users\\hp\\Desktop\\downloads\\abopin\\abop.in\\vendor\\themsaid\\laravel-langman\\src\\Commands\\FindCommand.php:113)
[stacktrace]
#0 C:\\Users\\hp\\Desktop\\downloads\\abopin\\abop.in\\vendor\\composer\\ClassLoader.php(444): Illuminate\\Foundation\\Bootstrap\\HandleExceptions->handleError(8192, 'Unparenthesized...', 'C:\\\\Users\\\\hp\\\\Des...', 113, Array)
#1 C:\\Users\\hp\\Desktop\\downloads\\abopin\\abop.in\\vendor\\composer\\ClassLoader.php(444): include()
#2 C:\\Users\\hp\\Desktop\\downloads\\abopin\\abop.in\\vendor\\composer\\ClassLoader.php(322): Composer\\Autoload\\includeFile('C:\\\\Users\\\\hp\\\\Des...')
#3 [internal function]: Composer\\Autoload\\ClassLoader->loadClass('Themsaid\\\\Langma...')
#4 [internal function]: spl_autoload_call('Themsaid\\\\Langma...')
#5 C:\\Users\\hp\\Desktop\\downloads\\abopin\\abop.in\\vendor\\laravel\\framework\\src\\Illuminate\\Container\\Container.php(779): ReflectionClass->__construct('Themsaid\\\\Langma...')
#6 C:\\Users\\hp\\Desktop\\downloads\\abopin\\abop.in\\vendor\\laravel\\framework\\src\\Illuminate\\Container\\Container.php(658): Illuminate\\Container\\Container->build('Themsaid\\\\Langma...')
#7 C:\\Users\\hp\\Desktop\\downloads\\abopin\\abop.in\\vendor\\laravel\\framework\\src\\Illuminate\\Container\\Container.php(609): Illuminate\\Container\\Container->resolve('Themsaid\\\\Langma...', Array)
#8 C:\\Users\\hp\\Desktop\\downloads\\abopin\\abop.in\\vendor\\laravel\\framework\\src\\Illuminate\\Foundation\\Application.php(759): Illuminate\\Container\\Container->make('Themsaid\\\\Langma...', Array)
#9 C:\\Users\\hp\\Desktop\\downloads\\abopin\\abop.in\\vendor\\laravel\\framework\\src\\Illuminate\\Console\\Application.php(241): Illuminate\\Foundation\\Application->make('Themsaid\\\\Langma...')
#10 C:\\Users\\hp\\Desktop\\downloads\\abopin\\abop.in\\vendor\\laravel\\framework\\src\\Illuminate\\Console\\Application.php(255): Illuminate\\Console\\Application->resolve('Themsaid\\\\Langma...')
#11 C:\\Users\\hp\\Desktop\\downloads\\abopin\\abop.in\\vendor\\laravel\\framework\\src\\Illuminate\\Support\\ServiceProvider.php(267): Illuminate\\Console\\Application->resolveCommands(Array)
#12 C:\\Users\\hp\\Desktop\\downloads\\abopin\\abop.in\\vendor\\laravel\\framework\\src\\Illuminate\\Console\\Application.php(148): Illuminate\\Support\\ServiceProvider->Illuminate\\Support\\{closure}(Object(Illuminate\\Console\\Application))
#13 C:\\Users\\hp\\Desktop\\downloads\\abopin\\abop.in\\vendor\\laravel\\framework\\src\\Illuminate\\Console\\Application.php(71): Illuminate\\Console\\Application->bootstrap()
#14 C:\\Users\\hp\\Desktop\\downloads\\abopin\\abop.in\\vendor\\laravel\\framework\\src\\Illuminate\\Foundation\\Console\\Kernel.php(317): Illuminate\\Console\\Application->__construct(Object(Illuminate\\Foundation\\Application), Object(Illuminate\\Events\\Dispatcher), '5.7.29')
#15 C:\\Users\\hp\\Desktop\\downloads\\abopin\\abop.in\\vendor\\laravel\\framework\\src\\Illuminate\\Foundation\\Console\\Kernel.php(122): Illuminate\\Foundation\\Console\\Kernel->getArtisan()
#16 Command line code(1): Illuminate\\Foundation\\Console\\Kernel->handle(Object(Symfony\\Component\\Console\\Input\\ArgvInput), Object(Symfony\\Component\\Console\\Output\\ConsoleOutput))
#17 {main}
"} 
[2021-03-02 19:10:14] local.ERROR: Unparenthesized `a ? b : c ? d : e` is deprecated. Use either `(a ? b : c) ? d : e` or `a ? b : (c ? d : e)` {"exception":"[object] (ErrorException(code: 0): Unparenthesized `a ? b : c ? d : e` is deprecated. Use either `(a ? b : c) ? d : e` or `a ? b : (c ? d : e)` at C:\\Users\\hp\\Desktop\\downloads\\abopin\\abop.in\\vendor\\themsaid\\laravel-langman\\src\\Commands\\FindCommand.php:113)
[stacktrace]
#0 C:\\Users\\hp\\Desktop\\downloads\\abopin\\abop.in\\vendor\\composer\\ClassLoader.php(444): Illuminate\\Foundation\\Bootstrap\\HandleExceptions->handleError(8192, 'Unparenthesized...', 'C:\\\\Users\\\\hp\\\\Des...', 113, Array)
#1 C:\\Users\\hp\\Desktop\\downloads\\abopin\\abop.in\\vendor\\composer\\ClassLoader.php(444): include()
#2 C:\\Users\\hp\\Desktop\\downloads\\abopin\\abop.in\\vendor\\composer\\ClassLoader.php(322): Composer\\Autoload\\includeFile('C:\\\\Users\\\\hp\\\\Des...')
#3 [internal function]: Composer\\Autoload\\ClassLoader->loadClass('Themsaid\\\\Langma...')
#4 [internal function]: spl_autoload_call('Themsaid\\\\Langma...')
#5 C:\\Users\\hp\\Desktop\\downloads\\abopin\\abop.in\\vendor\\laravel\\framework\\src\\Illuminate\\Container\\Container.php(779): ReflectionClass->__construct('Themsaid\\\\Langma...')
#6 C:\\Users\\hp\\Desktop\\downloads\\abopin\\abop.in\\vendor\\laravel\\framework\\src\\Illuminate\\Container\\Container.php(658): Illuminate\\Container\\Container->build('Themsaid\\\\Langma...')
#7 C:\\Users\\hp\\Desktop\\downloads\\abopin\\abop.in\\vendor\\laravel\\framework\\src\\Illuminate\\Container\\Container.php(609): Illuminate\\Container\\Container->resolve('Themsaid\\\\Langma...', Array)
#8 C:\\Users\\hp\\Desktop\\downloads\\abopin\\abop.in\\vendor\\laravel\\framework\\src\\Illuminate\\Foundation\\Application.php(759): Illuminate\\Container\\Container->make('Themsaid\\\\Langma...', Array)
#9 C:\\Users\\hp\\Desktop\\downloads\\abopin\\abop.in\\vendor\\laravel\\framework\\src\\Illuminate\\Console\\Application.php(241): Illuminate\\Foundation\\Application->make('Themsaid\\\\Langma...')
#10 C:\\Users\\hp\\Desktop\\downloads\\abopin\\abop.in\\vendor\\laravel\\framework\\src\\Illuminate\\Console\\Application.php(255): Illuminate\\Console\\Application->resolve('Themsaid\\\\Langma...')
#11 C:\\Users\\hp\\Desktop\\downloads\\abopin\\abop.in\\vendor\\laravel\\framework\\src\\Illuminate\\Support\\ServiceProvider.php(267): Illuminate\\Console\\Application->resolveCommands(Array)
#12 C:\\Users\\hp\\Desktop\\downloads\\abopin\\abop.in\\vendor\\laravel\\framework\\src\\Illuminate\\Console\\Application.php(148): Illuminate\\Support\\ServiceProvider->Illuminate\\Support\\{closure}(Object(Illuminate\\Console\\Application))
#13 C:\\Users\\hp\\Desktop\\downloads\\abopin\\abop.in\\vendor\\laravel\\framework\\src\\Illuminate\\Console\\Application.php(71): Illuminate\\Console\\Application->bootstrap()
#14 C:\\Users\\hp\\Desktop\\downloads\\abopin\\abop.in\\vendor\\laravel\\framework\\src\\Illuminate\\Foundation\\Console\\Kernel.php(317): Illuminate\\Console\\Application->__construct(Object(Illuminate\\Foundation\\Application), Object(Illuminate\\Events\\Dispatcher), '5.7.29')
#15 C:\\Users\\hp\\Desktop\\downloads\\abopin\\abop.in\\vendor\\laravel\\framework\\src\\Illuminate\\Foundation\\Console\\Kernel.php(122): Illuminate\\Foundation\\Console\\Kernel->getArtisan()
#16 Command line code(1): Illuminate\\Foundation\\Console\\Kernel->handle(Object(Symfony\\Component\\Console\\Input\\ArgvInput), Object(Symfony\\Component\\Console\\Output\\ConsoleOutput))
#17 {main}
"} 
[2021-03-02 19:10:14] local.ERROR: Unparenthesized `a ? b : c ? d : e` is deprecated. Use either `(a ? b : c) ? d : e` or `a ? b : (c ? d : e)` {"exception":"[object] (ErrorException(code: 0): Unparenthesized `a ? b : c ? d : e` is deprecated. Use either `(a ? b : c) ? d : e` or `a ? b : (c ? d : e)` at C:\\Users\\hp\\Desktop\\downloads\\abopin\\abop.in\\vendor\\themsaid\\laravel-langman\\src\\Commands\\FindCommand.php:113)
[stacktrace]
#0 C:\\Users\\hp\\Desktop\\downloads\\abopin\\abop.in\\vendor\\composer\\ClassLoader.php(444): Illuminate\\Foundation\\Bootstrap\\HandleExceptions->handleError(8192, 'Unparenthesized...', 'C:\\\\Users\\\\hp\\\\Des...', 113, Array)
#1 C:\\Users\\hp\\Desktop\\downloads\\abopin\\abop.in\\vendor\\composer\\ClassLoader.php(444): include()
#2 C:\\Users\\hp\\Desktop\\downloads\\abopin\\abop.in\\vendor\\composer\\ClassLoader.php(322): Composer\\Autoload\\includeFile('C:\\\\Users\\\\hp\\\\Des...')
#3 [internal function]: Composer\\Autoload\\ClassLoader->loadClass('Themsaid\\\\Langma...')
#4 [internal function]: spl_autoload_call('Themsaid\\\\Langma...')
#5 C:\\Users\\hp\\Desktop\\downloads\\abopin\\abop.in\\vendor\\laravel\\framework\\src\\Illuminate\\Container\\Container.php(779): ReflectionClass->__construct('Themsaid\\\\Langma...')
#6 C:\\Users\\hp\\Desktop\\downloads\\abopin\\abop.in\\vendor\\laravel\\framework\\src\\Illuminate\\Container\\Container.php(658): Illuminate\\Container\\Container->build('Themsaid\\\\Langma...')
#7 C:\\Users\\hp\\Desktop\\downloads\\abopin\\abop.in\\vendor\\laravel\\framework\\src\\Illuminate\\Container\\Container.php(609): Illuminate\\Container\\Container->resolve('Themsaid\\\\Langma...', Array)
#8 C:\\Users\\hp\\Desktop\\downloads\\abopin\\abop.in\\vendor\\laravel\\framework\\src\\Illuminate\\Foundation\\Application.php(759): Illuminate\\Container\\Container->make('Themsaid\\\\Langma...', Array)
#9 C:\\Users\\hp\\Desktop\\downloads\\abopin\\abop.in\\vendor\\laravel\\framework\\src\\Illuminate\\Console\\Application.php(241): Illuminate\\Foundation\\Application->make('Themsaid\\\\Langma...')
#10 C:\\Users\\hp\\Desktop\\downloads\\abopin\\abop.in\\vendor\\laravel\\framework\\src\\Illuminate\\Console\\Application.php(255): Illuminate\\Console\\Application->resolve('Themsaid\\\\Langma...')
#11 C:\\Users\\hp\\Desktop\\downloads\\abopin\\abop.in\\vendor\\laravel\\framework\\src\\Illuminate\\Support\\ServiceProvider.php(267): Illuminate\\Console\\Application->resolveCommands(Array)
#12 C:\\Users\\hp\\Desktop\\downloads\\abopin\\abop.in\\vendor\\laravel\\framework\\src\\Illuminate\\Console\\Application.php(148): Illuminate\\Support\\ServiceProvider->Illuminate\\Support\\{closure}(Object(Illuminate\\Console\\Application))
#13 C:\\Users\\hp\\Desktop\\downloads\\abopin\\abop.in\\vendor\\laravel\\framework\\src\\Illuminate\\Console\\Application.php(71): Illuminate\\Console\\Application->bootstrap()
#14 C:\\Users\\hp\\Desktop\\downloads\\abopin\\abop.in\\vendor\\laravel\\framework\\src\\Illuminate\\Foundation\\Console\\Kernel.php(317): Illuminate\\Console\\Application->__construct(Object(Illuminate\\Foundation\\Application), Object(Illuminate\\Events\\Dispatcher), '5.7.29')
#15 C:\\Users\\hp\\Desktop\\downloads\\abopin\\abop.in\\vendor\\laravel\\framework\\src\\Illuminate\\Foundation\\Console\\Kernel.php(122): Illuminate\\Foundation\\Console\\Kernel->getArtisan()
#16 Command line code(1): Illuminate\\Foundation\\Console\\Kernel->handle(Object(Symfony\\Component\\Console\\Input\\ArgvInput), Object(Symfony\\Component\\Console\\Output\\ConsoleOutput))
#17 {main}
"} 
[2021-03-02 19:10:14] local.ERROR: Uncaught Error: Call to undefined method App\Http\Kernel::getRouteMiddleware() in Command line code:1
Stack trace:
#0 {main}
  thrown {"exception":"[object] (Symfony\\Component\\Debug\\Exception\\FatalErrorException(code: 1): Uncaught Error: Call to undefined method App\\Http\\Kernel::getRouteMiddleware() in Command line code:1
Stack trace:
#0 {main}
  thrown at Command line code:1)
[stacktrace]
#0 {main}
"} 
[2021-03-02 19:10:14] local.ERROR: Unparenthesized `a ? b : c ? d : e` is deprecated. Use either `(a ? b : c) ? d : e` or `a ? b : (c ? d : e)` {"exception":"[object] (ErrorException(code: 0): Unparenthesized `a ? b : c ? d : e` is deprecated. Use either `(a ? b : c) ? d : e` or `a ? b : (c ? d : e)` at C:\\Users\\hp\\Desktop\\downloads\\abopin\\abop.in\\vendor\\themsaid\\laravel-langman\\src\\Commands\\FindCommand.php:113)
[stacktrace]
#0 C:\\Users\\hp\\Desktop\\downloads\\abopin\\abop.in\\vendor\\composer\\ClassLoader.php(444): Illuminate\\Foundation\\Bootstrap\\HandleExceptions->handleError(8192, 'Unparenthesized...', 'C:\\\\Users\\\\hp\\\\Des...', 113, Array)
#1 C:\\Users\\hp\\Desktop\\downloads\\abopin\\abop.in\\vendor\\composer\\ClassLoader.php(444): include()
#2 C:\\Users\\hp\\Desktop\\downloads\\abopin\\abop.in\\vendor\\composer\\ClassLoader.php(322): Composer\\Autoload\\includeFile('C:\\\\Users\\\\hp\\\\Des...')
#3 [internal function]: Composer\\Autoload\\ClassLoader->loadClass('Themsaid\\\\Langma...')
#4 [internal function]: spl_autoload_call('Themsaid\\\\Langma...')
#5 C:\\Users\\hp\\Desktop\\downloads\\abopin\\abop.in\\vendor\\laravel\\framework\\src\\Illuminate\\Container\\Container.php(779): ReflectionClass->__construct('Themsaid\\\\Langma...')
#6 C:\\Users\\hp\\Desktop\\downloads\\abopin\\abop.in\\vendor\\laravel\\framework\\src\\Illuminate\\Container\\Container.php(658): Illuminate\\Container\\Container->build('Themsaid\\\\Langma...')
#7 C:\\Users\\hp\\Desktop\\downloads\\abopin\\abop.in\\vendor\\laravel\\framework\\src\\Illuminate\\Container\\Container.php(609): Illuminate\\Container\\Container->resolve('Themsaid\\\\Langma...', Array)
#8 C:\\Users\\hp\\Desktop\\downloads\\abopin\\abop.in\\vendor\\laravel\\framework\\src\\Illuminate\\Foundation\\Application.php(759): Illuminate\\Container\\Container->make('Themsaid\\\\Langma...', Array)
#9 C:\\Users\\hp\\Desktop\\downloads\\abopin\\abop.in\\vendor\\laravel\\framework\\src\\Illuminate\\Console\\Application.php(241): Illuminate\\Foundation\\Application->make('Themsaid\\\\Langma...')
#10 C:\\Users\\hp\\Desktop\\downloads\\abopin\\abop.in\\vendor\\laravel\\framework\\src\\Illuminate\\Console\\Application.php(255): Illuminate\\Console\\Application->resolve('Themsaid\\\\Langma...')
#11 C:\\Users\\hp\\Desktop\\downloads\\abopin\\abop.in\\vendor\\laravel\\framework\\src\\Illuminate\\Support\\ServiceProvider.php(267): Illuminate\\Console\\Application->resolveCommands(Array)
#12 C:\\Users\\hp\\Desktop\\downloads\\abopin\\abop.in\\vendor\\laravel\\framework\\src\\Illuminate\\Console\\Application.php(148): Illuminate\\Support\\ServiceProvider->Illuminate\\Support\\{closure}(Object(Illuminate\\Console\\Application))
#13 C:\\Users\\hp\\Desktop\\downloads\\abopin\\abop.in\\vendor\\laravel\\framework\\src\\Illuminate\\Console\\Application.php(71): Illuminate\\Console\\Application->bootstrap()
#14 C:\\Users\\hp\\Desktop\\downloads\\abopin\\abop.in\\vendor\\laravel\\framework\\src\\Illuminate\\Foundation\\Console\\Kernel.php(317): Illuminate\\Console\\Application->__construct(Object(Illuminate\\Foundation\\Application), Object(Illuminate\\Events\\Dispatcher), '5.7.29')
#15 C:\\Users\\hp\\Desktop\\downloads\\abopin\\abop.in\\vendor\\laravel\\framework\\src\\Illuminate\\Foundation\\Console\\Kernel.php(122): Illuminate\\Foundation\\Console\\Kernel->getArtisan()
#16 Command line code(1): Illuminate\\Foundation\\Console\\Kernel->handle(Object(Symfony\\Component\\Console\\Input\\ArgvInput), Object(Symfony\\Component\\Console\\Output\\ConsoleOutput))
#17 {main}
"} 
[2021-03-02 19:10:14] local.ERROR: Unparenthesized `a ? b : c ? d : e` is deprecated. Use either `(a ? b : c) ? d : e` or `a ? b : (c ? d : e)` {"exception":"[object] (ErrorException(code: 0): Unparenthesized `a ? b : c ? d : e` is deprecated. Use either `(a ? b : c) ? d : e` or `a ? b : (c ? d : e)` at C:\\Users\\hp\\Desktop\\downloads\\abopin\\abop.in\\vendor\\themsaid\\laravel-langman\\src\\Commands\\FindCommand.php:113)
[stacktrace]
#0 C:\\Users\\hp\\Desktop\\downloads\\abopin\\abop.in\\vendor\\composer\\ClassLoader.php(444): Illuminate\\Foundation\\Bootstrap\\HandleExceptions->handleError(8192, 'Unparenthesized...', 'C:\\\\Users\\\\hp\\\\Des...', 113, Array)
#1 C:\\Users\\hp\\Desktop\\downloads\\abopin\\abop.in\\vendor\\composer\\ClassLoader.php(444): include()
#2 C:\\Users\\hp\\Desktop\\downloads\\abopin\\abop.in\\vendor\\composer\\ClassLoader.php(322): Composer\\Autoload\\includeFile('C:\\\\Users\\\\hp\\\\Des...')
#3 [internal function]: Composer\\Autoload\\ClassLoader->loadClass('Themsaid\\\\Langma...')
#4 [internal function]: spl_autoload_call('Themsaid\\\\Langma...')
#5 C:\\Users\\hp\\Desktop\\downloads\\abopin\\abop.in\\vendor\\laravel\\framework\\src\\Illuminate\\Container\\Container.php(779): ReflectionClass->__construct('Themsaid\\\\Langma...')
#6 C:\\Users\\hp\\Desktop\\downloads\\abopin\\abop.in\\vendor\\laravel\\framework\\src\\Illuminate\\Container\\Container.php(658): Illuminate\\Container\\Container->build('Themsaid\\\\Langma...')
#7 C:\\Users\\hp\\Desktop\\downloads\\abopin\\abop.in\\vendor\\laravel\\framework\\src\\Illuminate\\Container\\Container.php(609): Illuminate\\Container\\Container->resolve('Themsaid\\\\Langma...', Array)
#8 C:\\Users\\hp\\Desktop\\downloads\\abopin\\abop.in\\vendor\\laravel\\framework\\src\\Illuminate\\Foundation\\Application.php(759): Illuminate\\Container\\Container->make('Themsaid\\\\Langma...', Array)
#9 C:\\Users\\hp\\Desktop\\downloads\\abopin\\abop.in\\vendor\\laravel\\framework\\src\\Illuminate\\Console\\Application.php(241): Illuminate\\Foundation\\Application->make('Themsaid\\\\Langma...')
#10 C:\\Users\\hp\\Desktop\\downloads\\abopin\\abop.in\\vendor\\laravel\\framework\\src\\Illuminate\\Console\\Application.php(255): Illuminate\\Console\\Application->resolve('Themsaid\\\\Langma...')
#11 C:\\Users\\hp\\Desktop\\downloads\\abopin\\abop.in\\vendor\\laravel\\framework\\src\\Illuminate\\Support\\ServiceProvider.php(267): Illuminate\\Console\\Application->resolveCommands(Array)
#12 C:\\Users\\hp\\Desktop\\downloads\\abopin\\abop.in\\vendor\\laravel\\framework\\src\\Illuminate\\Console\\Application.php(148): Illuminate\\Support\\ServiceProvider->Illuminate\\Support\\{closure}(Object(Illuminate\\Console\\Application))
#13 C:\\Users\\hp\\Desktop\\downloads\\abopin\\abop.in\\vendor\\laravel\\framework\\src\\Illuminate\\Console\\Application.php(71): Illuminate\\Console\\Application->bootstrap()
#14 C:\\Users\\hp\\Desktop\\downloads\\abopin\\abop.in\\vendor\\laravel\\framework\\src\\Illuminate\\Foundation\\Console\\Kernel.php(317): Illuminate\\Console\\Application->__construct(Object(Illuminate\\Foundation\\Application), Object(Illuminate\\Events\\Dispatcher), '5.7.29')
#15 C:\\Users\\hp\\Desktop\\downloads\\abopin\\abop.in\\vendor\\laravel\\framework\\src\\Illuminate\\Foundation\\Console\\Kernel.php(122): Illuminate\\Foundation\\Console\\Kernel->getArtisan()
#16 Command line code(1): Illuminate\\Foundation\\Console\\Kernel->handle(Object(Symfony\\Component\\Console\\Input\\ArgvInput), Object(Symfony\\Component\\Console\\Output\\ConsoleOutput))
#17 {main}
"} 
[2021-03-02 19:10:14] local.ERROR: Uncaught ReflectionException: Class App\Policies\ModelPolicy does not exist in Command line code:1
Stack trace:
#0 Command line code(1): ReflectionClass->__construct('App\\Policies\\Mo...')
#1 [internal function]: {closure}('App\\Policies\\Mo...', 'App\\Model')
#2 Command line code(1): array_map(Object(Closure), Array, Array)
#3 {main}
  thrown {"exception":"[object] (Symfony\\Component\\Debug\\Exception\\FatalErrorException(code: 1): Uncaught ReflectionException: Class App\\Policies\\ModelPolicy does not exist in Command line code:1
Stack trace:
#0 Command line code(1): ReflectionClass->__construct('App\\\\Policies\\\\Mo...')
#1 [internal function]: {closure}('App\\\\Policies\\\\Mo...', 'App\\\\Model')
#2 Command line code(1): array_map(Object(Closure), Array, Array)
#3 {main}
  thrown at Command line code:1)
[stacktrace]
#0 {main}
"} 
[2021-03-02 19:10:14] local.ERROR: Unparenthesized `a ? b : c ? d : e` is deprecated. Use either `(a ? b : c) ? d : e` or `a ? b : (c ? d : e)` {"exception":"[object] (ErrorException(code: 0): Unparenthesized `a ? b : c ? d : e` is deprecated. Use either `(a ? b : c) ? d : e` or `a ? b : (c ? d : e)` at C:\\Users\\hp\\Desktop\\downloads\\abopin\\abop.in\\vendor\\themsaid\\laravel-langman\\src\\Commands\\FindCommand.php:113)
[stacktrace]
#0 C:\\Users\\hp\\Desktop\\downloads\\abopin\\abop.in\\vendor\\composer\\ClassLoader.php(444): Illuminate\\Foundation\\Bootstrap\\HandleExceptions->handleError(8192, 'Unparenthesized...', 'C:\\\\Users\\\\hp\\\\Des...', 113, Array)
#1 C:\\Users\\hp\\Desktop\\downloads\\abopin\\abop.in\\vendor\\composer\\ClassLoader.php(444): include()
#2 C:\\Users\\hp\\Desktop\\downloads\\abopin\\abop.in\\vendor\\composer\\ClassLoader.php(322): Composer\\Autoload\\includeFile('C:\\\\Users\\\\hp\\\\Des...')
#3 [internal function]: Composer\\Autoload\\ClassLoader->loadClass('Themsaid\\\\Langma...')
#4 [internal function]: spl_autoload_call('Themsaid\\\\Langma...')
#5 C:\\Users\\hp\\Desktop\\downloads\\abopin\\abop.in\\vendor\\laravel\\framework\\src\\Illuminate\\Container\\Container.php(779): ReflectionClass->__construct('Themsaid\\\\Langma...')
#6 C:\\Users\\hp\\Desktop\\downloads\\abopin\\abop.in\\vendor\\laravel\\framework\\src\\Illuminate\\Container\\Container.php(658): Illuminate\\Container\\Container->build('Themsaid\\\\Langma...')
#7 C:\\Users\\hp\\Desktop\\downloads\\abopin\\abop.in\\vendor\\laravel\\framework\\src\\Illuminate\\Container\\Container.php(609): Illuminate\\Container\\Container->resolve('Themsaid\\\\Langma...', Array)
#8 C:\\Users\\hp\\Desktop\\downloads\\abopin\\abop.in\\vendor\\laravel\\framework\\src\\Illuminate\\Foundation\\Application.php(759): Illuminate\\Container\\Container->make('Themsaid\\\\Langma...', Array)
#9 C:\\Users\\hp\\Desktop\\downloads\\abopin\\abop.in\\vendor\\laravel\\framework\\src\\Illuminate\\Console\\Application.php(241): Illuminate\\Foundation\\Application->make('Themsaid\\\\Langma...')
#10 C:\\Users\\hp\\Desktop\\downloads\\abopin\\abop.in\\vendor\\laravel\\framework\\src\\Illuminate\\Console\\Application.php(255): Illuminate\\Console\\Application->resolve('Themsaid\\\\Langma...')
#11 C:\\Users\\hp\\Desktop\\downloads\\abopin\\abop.in\\vendor\\laravel\\framework\\src\\Illuminate\\Support\\ServiceProvider.php(267): Illuminate\\Console\\Application->resolveCommands(Array)
#12 C:\\Users\\hp\\Desktop\\downloads\\abopin\\abop.in\\vendor\\laravel\\framework\\src\\Illuminate\\Console\\Application.php(148): Illuminate\\Support\\ServiceProvider->Illuminate\\Support\\{closure}(Object(Illuminate\\Console\\Application))
#13 C:\\Users\\hp\\Desktop\\downloads\\abopin\\abop.in\\vendor\\laravel\\framework\\src\\Illuminate\\Console\\Application.php(71): Illuminate\\Console\\Application->bootstrap()
#14 C:\\Users\\hp\\Desktop\\downloads\\abopin\\abop.in\\vendor\\laravel\\framework\\src\\Illuminate\\Foundation\\Console\\Kernel.php(317): Illuminate\\Console\\Application->__construct(Object(Illuminate\\Foundation\\Application), Object(Illuminate\\Events\\Dispatcher), '5.7.29')
#15 C:\\Users\\hp\\Desktop\\downloads\\abopin\\abop.in\\vendor\\laravel\\framework\\src\\Illuminate\\Foundation\\Console\\Kernel.php(122): Illuminate\\Foundation\\Console\\Kernel->getArtisan()
#16 Command line code(1): Illuminate\\Foundation\\Console\\Kernel->handle(Object(Symfony\\Component\\Console\\Input\\ArgvInput), Object(Symfony\\Component\\Console\\Output\\ConsoleOutput))
#17 {main}
"} 
[2021-03-02 19:10:14] local.ERROR: Unparenthesized `a ? b : c ? d : e` is deprecated. Use either `(a ? b : c) ? d : e` or `a ? b : (c ? d : e)` {"exception":"[object] (ErrorException(code: 0): Unparenthesized `a ? b : c ? d : e` is deprecated. Use either `(a ? b : c) ? d : e` or `a ? b : (c ? d : e)` at C:\\Users\\hp\\Desktop\\downloads\\abopin\\abop.in\\vendor\\themsaid\\laravel-langman\\src\\Commands\\FindCommand.php:113)
[stacktrace]
#0 C:\\Users\\hp\\Desktop\\downloads\\abopin\\abop.in\\vendor\\composer\\ClassLoader.php(444): Illuminate\\Foundation\\Bootstrap\\HandleExceptions->handleError(8192, 'Unparenthesized...', 'C:\\\\Users\\\\hp\\\\Des...', 113, Array)
#1 C:\\Users\\hp\\Desktop\\downloads\\abopin\\abop.in\\vendor\\composer\\ClassLoader.php(444): include()
#2 C:\\Users\\hp\\Desktop\\downloads\\abopin\\abop.in\\vendor\\composer\\ClassLoader.php(322): Composer\\Autoload\\includeFile('C:\\\\Users\\\\hp\\\\Des...')
#3 [internal function]: Composer\\Autoload\\ClassLoader->loadClass('Themsaid\\\\Langma...')
#4 [internal function]: spl_autoload_call('Themsaid\\\\Langma...')
#5 C:\\Users\\hp\\Desktop\\downloads\\abopin\\abop.in\\vendor\\laravel\\framework\\src\\Illuminate\\Container\\Container.php(779): ReflectionClass->__construct('Themsaid\\\\Langma...')
#6 C:\\Users\\hp\\Desktop\\downloads\\abopin\\abop.in\\vendor\\laravel\\framework\\src\\Illuminate\\Container\\Container.php(658): Illuminate\\Container\\Container->build('Themsaid\\\\Langma...')
#7 C:\\Users\\hp\\Desktop\\downloads\\abopin\\abop.in\\vendor\\laravel\\framework\\src\\Illuminate\\Container\\Container.php(609): Illuminate\\Container\\Container->resolve('Themsaid\\\\Langma...', Array)
#8 C:\\Users\\hp\\Desktop\\downloads\\abopin\\abop.in\\vendor\\laravel\\framework\\src\\Illuminate\\Foundation\\Application.php(759): Illuminate\\Container\\Container->make('Themsaid\\\\Langma...', Array)
#9 C:\\Users\\hp\\Desktop\\downloads\\abopin\\abop.in\\vendor\\laravel\\framework\\src\\Illuminate\\Console\\Application.php(241): Illuminate\\Foundation\\Application->make('Themsaid\\\\Langma...')
#10 C:\\Users\\hp\\Desktop\\downloads\\abopin\\abop.in\\vendor\\laravel\\framework\\src\\Illuminate\\Console\\Application.php(255): Illuminate\\Console\\Application->resolve('Themsaid\\\\Langma...')
#11 C:\\Users\\hp\\Desktop\\downloads\\abopin\\abop.in\\vendor\\laravel\\framework\\src\\Illuminate\\Support\\ServiceProvider.php(267): Illuminate\\Console\\Application->resolveCommands(Array)
#12 C:\\Users\\hp\\Desktop\\downloads\\abopin\\abop.in\\vendor\\laravel\\framework\\src\\Illuminate\\Console\\Application.php(148): Illuminate\\Support\\ServiceProvider->Illuminate\\Support\\{closure}(Object(Illuminate\\Console\\Application))
#13 C:\\Users\\hp\\Desktop\\downloads\\abopin\\abop.in\\vendor\\laravel\\framework\\src\\Illuminate\\Console\\Application.php(71): Illuminate\\Console\\Application->bootstrap()
#14 C:\\Users\\hp\\Desktop\\downloads\\abopin\\abop.in\\vendor\\laravel\\framework\\src\\Illuminate\\Foundation\\Console\\Kernel.php(317): Illuminate\\Console\\Application->__construct(Object(Illuminate\\Foundation\\Application), Object(Illuminate\\Events\\Dispatcher), '5.7.29')
#15 C:\\Users\\hp\\Desktop\\downloads\\abopin\\abop.in\\vendor\\laravel\\framework\\src\\Illuminate\\Foundation\\Console\\Kernel.php(122): Illuminate\\Foundation\\Console\\Kernel->getArtisan()
#16 Command line code(1): Illuminate\\Foundation\\Console\\Kernel->handle(Object(Symfony\\Component\\Console\\Input\\ArgvInput), Object(Symfony\\Component\\Console\\Output\\ConsoleOutput))
#17 {main}
"} 
[2021-03-02 19:10:14] local.ERROR: Unparenthesized `a ? b : c ? d : e` is deprecated. Use either `(a ? b : c) ? d : e` or `a ? b : (c ? d : e)` {"exception":"[object] (ErrorException(code: 0): Unparenthesized `a ? b : c ? d : e` is deprecated. Use either `(a ? b : c) ? d : e` or `a ? b : (c ? d : e)` at C:\\Users\\hp\\Desktop\\downloads\\abopin\\abop.in\\vendor\\themsaid\\laravel-langman\\src\\Commands\\FindCommand.php:113)
[stacktrace]
#0 C:\\Users\\hp\\Desktop\\downloads\\abopin\\abop.in\\vendor\\composer\\ClassLoader.php(444): Illuminate\\Foundation\\Bootstrap\\HandleExceptions->handleError(8192, 'Unparenthesized...', 'C:\\\\Users\\\\hp\\\\Des...', 113, Array)
#1 C:\\Users\\hp\\Desktop\\downloads\\abopin\\abop.in\\vendor\\composer\\ClassLoader.php(444): include()
#2 C:\\Users\\hp\\Desktop\\downloads\\abopin\\abop.in\\vendor\\composer\\ClassLoader.php(322): Composer\\Autoload\\includeFile('C:\\\\Users\\\\hp\\\\Des...')
#3 [internal function]: Composer\\Autoload\\ClassLoader->loadClass('Themsaid\\\\Langma...')
#4 [internal function]: spl_autoload_call('Themsaid\\\\Langma...')
#5 C:\\Users\\hp\\Desktop\\downloads\\abopin\\abop.in\\vendor\\laravel\\framework\\src\\Illuminate\\Container\\Container.php(779): ReflectionClass->__construct('Themsaid\\\\Langma...')
#6 C:\\Users\\hp\\Desktop\\downloads\\abopin\\abop.in\\vendor\\laravel\\framework\\src\\Illuminate\\Container\\Container.php(658): Illuminate\\Container\\Container->build('Themsaid\\\\Langma...')
#7 C:\\Users\\hp\\Desktop\\downloads\\abopin\\abop.in\\vendor\\laravel\\framework\\src\\Illuminate\\Container\\Container.php(609): Illuminate\\Container\\Container->resolve('Themsaid\\\\Langma...', Array)
#8 C:\\Users\\hp\\Desktop\\downloads\\abopin\\abop.in\\vendor\\laravel\\framework\\src\\Illuminate\\Foundation\\Application.php(759): Illuminate\\Container\\Container->make('Themsaid\\\\Langma...', Array)
#9 C:\\Users\\hp\\Desktop\\downloads\\abopin\\abop.in\\vendor\\laravel\\framework\\src\\Illuminate\\Console\\Application.php(241): Illuminate\\Foundation\\Application->make('Themsaid\\\\Langma...')
#10 C:\\Users\\hp\\Desktop\\downloads\\abopin\\abop.in\\vendor\\laravel\\framework\\src\\Illuminate\\Console\\Application.php(255): Illuminate\\Console\\Application->resolve('Themsaid\\\\Langma...')
#11 C:\\Users\\hp\\Desktop\\downloads\\abopin\\abop.in\\vendor\\laravel\\framework\\src\\Illuminate\\Support\\ServiceProvider.php(267): Illuminate\\Console\\Application->resolveCommands(Array)
#12 C:\\Users\\hp\\Desktop\\downloads\\abopin\\abop.in\\vendor\\laravel\\framework\\src\\Illuminate\\Console\\Application.php(148): Illuminate\\Support\\ServiceProvider->Illuminate\\Support\\{closure}(Object(Illuminate\\Console\\Application))
#13 C:\\Users\\hp\\Desktop\\downloads\\abopin\\abop.in\\vendor\\laravel\\framework\\src\\Illuminate\\Console\\Application.php(71): Illuminate\\Console\\Application->bootstrap()
#14 C:\\Users\\hp\\Desktop\\downloads\\abopin\\abop.in\\vendor\\laravel\\framework\\src\\Illuminate\\Foundation\\Console\\Kernel.php(317): Illuminate\\Console\\Application->__construct(Object(Illuminate\\Foundation\\Application), Object(Illuminate\\Events\\Dispatcher), '5.7.29')
#15 C:\\Users\\hp\\Desktop\\downloads\\abopin\\abop.in\\vendor\\laravel\\framework\\src\\Illuminate\\Foundation\\Console\\Kernel.php(122): Illuminate\\Foundation\\Console\\Kernel->getArtisan()
#16 Command line code(1): Illuminate\\Foundation\\Console\\Kernel->handle(Object(Symfony\\Component\\Console\\Input\\ArgvInput), Object(Symfony\\Component\\Console\\Output\\ConsoleOutput))
#17 {main}
"} 
[2021-03-02 19:10:14] local.ERROR: Unparenthesized `a ? b : c ? d : e` is deprecated. Use either `(a ? b : c) ? d : e` or `a ? b : (c ? d : e)` {"exception":"[object] (ErrorException(code: 0): Unparenthesized `a ? b : c ? d : e` is deprecated. Use either `(a ? b : c) ? d : e` or `a ? b : (c ? d : e)` at C:\\Users\\hp\\Desktop\\downloads\\abopin\\abop.in\\vendor\\themsaid\\laravel-langman\\src\\Commands\\FindCommand.php:113)
[stacktrace]
#0 C:\\Users\\hp\\Desktop\\downloads\\abopin\\abop.in\\vendor\\composer\\ClassLoader.php(444): Illuminate\\Foundation\\Bootstrap\\HandleExceptions->handleError(8192, 'Unparenthesized...', 'C:\\\\Users\\\\hp\\\\Des...', 113, Array)
#1 C:\\Users\\hp\\Desktop\\downloads\\abopin\\abop.in\\vendor\\composer\\ClassLoader.php(444): include()
#2 C:\\Users\\hp\\Desktop\\downloads\\abopin\\abop.in\\vendor\\composer\\ClassLoader.php(322): Composer\\Autoload\\includeFile('C:\\\\Users\\\\hp\\\\Des...')
#3 [internal function]: Composer\\Autoload\\ClassLoader->loadClass('Themsaid\\\\Langma...')
#4 [internal function]: spl_autoload_call('Themsaid\\\\Langma...')
#5 C:\\Users\\hp\\Desktop\\downloads\\abopin\\abop.in\\vendor\\laravel\\framework\\src\\Illuminate\\Container\\Container.php(779): ReflectionClass->__construct('Themsaid\\\\Langma...')
#6 C:\\Users\\hp\\Desktop\\downloads\\abopin\\abop.in\\vendor\\laravel\\framework\\src\\Illuminate\\Container\\Container.php(658): Illuminate\\Container\\Container->build('Themsaid\\\\Langma...')
#7 C:\\Users\\hp\\Desktop\\downloads\\abopin\\abop.in\\vendor\\laravel\\framework\\src\\Illuminate\\Container\\Container.php(609): Illuminate\\Container\\Container->resolve('Themsaid\\\\Langma...', Array)
#8 C:\\Users\\hp\\Desktop\\downloads\\abopin\\abop.in\\vendor\\laravel\\framework\\src\\Illuminate\\Foundation\\Application.php(759): Illuminate\\Container\\Container->make('Themsaid\\\\Langma...', Array)
#9 C:\\Users\\hp\\Desktop\\downloads\\abopin\\abop.in\\vendor\\laravel\\framework\\src\\Illuminate\\Console\\Application.php(241): Illuminate\\Foundation\\Application->make('Themsaid\\\\Langma...')
#10 C:\\Users\\hp\\Desktop\\downloads\\abopin\\abop.in\\vendor\\laravel\\framework\\src\\Illuminate\\Console\\Application.php(255): Illuminate\\Console\\Application->resolve('Themsaid\\\\Langma...')
#11 C:\\Users\\hp\\Desktop\\downloads\\abopin\\abop.in\\vendor\\laravel\\framework\\src\\Illuminate\\Support\\ServiceProvider.php(267): Illuminate\\Console\\Application->resolveCommands(Array)
#12 C:\\Users\\hp\\Desktop\\downloads\\abopin\\abop.in\\vendor\\laravel\\framework\\src\\Illuminate\\Console\\Application.php(148): Illuminate\\Support\\ServiceProvider->Illuminate\\Support\\{closure}(Object(Illuminate\\Console\\Application))
#13 C:\\Users\\hp\\Desktop\\downloads\\abopin\\abop.in\\vendor\\laravel\\framework\\src\\Illuminate\\Console\\Application.php(71): Illuminate\\Console\\Application->bootstrap()
#14 C:\\Users\\hp\\Desktop\\downloads\\abopin\\abop.in\\vendor\\laravel\\framework\\src\\Illuminate\\Foundation\\Console\\Kernel.php(317): Illuminate\\Console\\Application->__construct(Object(Illuminate\\Foundation\\Application), Object(Illuminate\\Events\\Dispatcher), '5.7.29')
#15 C:\\Users\\hp\\Desktop\\downloads\\abopin\\abop.in\\vendor\\laravel\\framework\\src\\Illuminate\\Foundation\\Console\\Kernel.php(122): Illuminate\\Foundation\\Console\\Kernel->getArtisan()
#16 Command line code(1): Illuminate\\Foundation\\Console\\Kernel->handle(Object(Symfony\\Component\\Console\\Input\\ArgvInput), Object(Symfony\\Component\\Console\\Output\\ConsoleOutput))
#17 {main}
"} 
[2021-03-02 19:10:15] local.ERROR: Unparenthesized `a ? b : c ? d : e` is deprecated. Use either `(a ? b : c) ? d : e` or `a ? b : (c ? d : e)` {"exception":"[object] (ErrorException(code: 0): Unparenthesized `a ? b : c ? d : e` is deprecated. Use either `(a ? b : c) ? d : e` or `a ? b : (c ? d : e)` at C:\\Users\\hp\\Desktop\\downloads\\abopin\\abop.in\\vendor\\themsaid\\laravel-langman\\src\\Commands\\FindCommand.php:113)
[stacktrace]
#0 C:\\Users\\hp\\Desktop\\downloads\\abopin\\abop.in\\vendor\\composer\\ClassLoader.php(444): Illuminate\\Foundation\\Bootstrap\\HandleExceptions->handleError(8192, 'Unparenthesized...', 'C:\\\\Users\\\\hp\\\\Des...', 113, Array)
#1 C:\\Users\\hp\\Desktop\\downloads\\abopin\\abop.in\\vendor\\composer\\ClassLoader.php(444): include()
#2 C:\\Users\\hp\\Desktop\\downloads\\abopin\\abop.in\\vendor\\composer\\ClassLoader.php(322): Composer\\Autoload\\includeFile('C:\\\\Users\\\\hp\\\\Des...')
#3 [internal function]: Composer\\Autoload\\ClassLoader->loadClass('Themsaid\\\\Langma...')
#4 [internal function]: spl_autoload_call('Themsaid\\\\Langma...')
#5 C:\\Users\\hp\\Desktop\\downloads\\abopin\\abop.in\\vendor\\laravel\\framework\\src\\Illuminate\\Container\\Container.php(779): ReflectionClass->__construct('Themsaid\\\\Langma...')
#6 C:\\Users\\hp\\Desktop\\downloads\\abopin\\abop.in\\vendor\\laravel\\framework\\src\\Illuminate\\Container\\Container.php(658): Illuminate\\Container\\Container->build('Themsaid\\\\Langma...')
#7 C:\\Users\\hp\\Desktop\\downloads\\abopin\\abop.in\\vendor\\laravel\\framework\\src\\Illuminate\\Container\\Container.php(609): Illuminate\\Container\\Container->resolve('Themsaid\\\\Langma...', Array)
#8 C:\\Users\\hp\\Desktop\\downloads\\abopin\\abop.in\\vendor\\laravel\\framework\\src\\Illuminate\\Foundation\\Application.php(759): Illuminate\\Container\\Container->make('Themsaid\\\\Langma...', Array)
#9 C:\\Users\\hp\\Desktop\\downloads\\abopin\\abop.in\\vendor\\laravel\\framework\\src\\Illuminate\\Console\\Application.php(241): Illuminate\\Foundation\\Application->make('Themsaid\\\\Langma...')
#10 C:\\Users\\hp\\Desktop\\downloads\\abopin\\abop.in\\vendor\\laravel\\framework\\src\\Illuminate\\Console\\Application.php(255): Illuminate\\Console\\Application->resolve('Themsaid\\\\Langma...')
#11 C:\\Users\\hp\\Desktop\\downloads\\abopin\\abop.in\\vendor\\laravel\\framework\\src\\Illuminate\\Support\\ServiceProvider.php(267): Illuminate\\Console\\Application->resolveCommands(Array)
#12 C:\\Users\\hp\\Desktop\\downloads\\abopin\\abop.in\\vendor\\laravel\\framework\\src\\Illuminate\\Console\\Application.php(148): Illuminate\\Support\\ServiceProvider->Illuminate\\Support\\{closure}(Object(Illuminate\\Console\\Application))
#13 C:\\Users\\hp\\Desktop\\downloads\\abopin\\abop.in\\vendor\\laravel\\framework\\src\\Illuminate\\Console\\Application.php(71): Illuminate\\Console\\Application->bootstrap()
#14 C:\\Users\\hp\\Desktop\\downloads\\abopin\\abop.in\\vendor\\laravel\\framework\\src\\Illuminate\\Foundation\\Console\\Kernel.php(317): Illuminate\\Console\\Application->__construct(Object(Illuminate\\Foundation\\Application), Object(Illuminate\\Events\\Dispatcher), '5.7.29')
#15 C:\\Users\\hp\\Desktop\\downloads\\abopin\\abop.in\\vendor\\laravel\\framework\\src\\Illuminate\\Foundation\\Console\\Kernel.php(122): Illuminate\\Foundation\\Console\\Kernel->getArtisan()
#16 Command line code(1): Illuminate\\Foundation\\Console\\Kernel->handle(Object(Symfony\\Component\\Console\\Input\\ArgvInput), Object(Symfony\\Component\\Console\\Output\\ConsoleOutput))
#17 {main}
"} 
[2021-03-02 19:11:14] local.ERROR: Uncaught ReflectionException: Class App\Policies\ModelPolicy does not exist in Command line code:1
Stack trace:
#0 Command line code(1): ReflectionClass->__construct('App\\Policies\\Mo...')
#1 [internal function]: {closure}('App\\Policies\\Mo...', 'App\\Model')
#2 Command line code(1): array_map(Object(Closure), Array, Array)
#3 {main}
  thrown {"exception":"[object] (Symfony\\Component\\Debug\\Exception\\FatalErrorException(code: 1): Uncaught ReflectionException: Class App\\Policies\\ModelPolicy does not exist in Command line code:1
Stack trace:
#0 Command line code(1): ReflectionClass->__construct('App\\\\Policies\\\\Mo...')
#1 [internal function]: {closure}('App\\\\Policies\\\\Mo...', 'App\\\\Model')
#2 Command line code(1): array_map(Object(Closure), Array, Array)
#3 {main}
  thrown at Command line code:1)
[stacktrace]
#0 {main}
"} 
[2021-03-02 19:12:13] local.ERROR: Uncaught ReflectionException: Class App\Policies\ModelPolicy does not exist in Command line code:1
Stack trace:
#0 Command line code(1): ReflectionClass->__construct('App\\Policies\\Mo...')
#1 [internal function]: {closure}('App\\Policies\\Mo...', 'App\\Model')
#2 Command line code(1): array_map(Object(Closure), Array, Array)
#3 {main}
  thrown {"exception":"[object] (Symfony\\Component\\Debug\\Exception\\FatalErrorException(code: 1): Uncaught ReflectionException: Class App\\Policies\\ModelPolicy does not exist in Command line code:1
Stack trace:
#0 Command line code(1): ReflectionClass->__construct('App\\\\Policies\\\\Mo...')
#1 [internal function]: {closure}('App\\\\Policies\\\\Mo...', 'App\\\\Model')
#2 Command line code(1): array_map(Object(Closure), Array, Array)
#3 {main}
  thrown at Command line code:1)
[stacktrace]
#0 {main}
"} 
[2021-03-02 19:13:14] local.ERROR: Uncaught ReflectionException: Class App\Policies\ModelPolicy does not exist in Command line code:1
Stack trace:
#0 Command line code(1): ReflectionClass->__construct('App\\Policies\\Mo...')
#1 [internal function]: {closure}('App\\Policies\\Mo...', 'App\\Model')
#2 Command line code(1): array_map(Object(Closure), Array, Array)
#3 {main}
  thrown {"exception":"[object] (Symfony\\Component\\Debug\\Exception\\FatalErrorException(code: 1): Uncaught ReflectionException: Class App\\Policies\\ModelPolicy does not exist in Command line code:1
Stack trace:
#0 Command line code(1): ReflectionClass->__construct('App\\\\Policies\\\\Mo...')
#1 [internal function]: {closure}('App\\\\Policies\\\\Mo...', 'App\\\\Model')
#2 Command line code(1): array_map(Object(Closure), Array, Array)
#3 {main}
  thrown at Command line code:1)
[stacktrace]
#0 {main}
"} 
[2021-03-02 19:14:13] local.ERROR: Uncaught ReflectionException: Class App\Policies\ModelPolicy does not exist in Command line code:1
Stack trace:
#0 Command line code(1): ReflectionClass->__construct('App\\Policies\\Mo...')
#1 [internal function]: {closure}('App\\Policies\\Mo...', 'App\\Model')
#2 Command line code(1): array_map(Object(Closure), Array, Array)
#3 {main}
  thrown {"exception":"[object] (Symfony\\Component\\Debug\\Exception\\FatalErrorException(code: 1): Uncaught ReflectionException: Class App\\Policies\\ModelPolicy does not exist in Command line code:1
Stack trace:
#0 Command line code(1): ReflectionClass->__construct('App\\\\Policies\\\\Mo...')
#1 [internal function]: {closure}('App\\\\Policies\\\\Mo...', 'App\\\\Model')
#2 Command line code(1): array_map(Object(Closure), Array, Array)
#3 {main}
  thrown at Command line code:1)
[stacktrace]
#0 {main}
"} 
[2021-03-02 19:15:13] local.ERROR: Uncaught ReflectionException: Class App\Policies\ModelPolicy does not exist in Command line code:1
Stack trace:
#0 Command line code(1): ReflectionClass->__construct('App\\Policies\\Mo...')
#1 [internal function]: {closure}('App\\Policies\\Mo...', 'App\\Model')
#2 Command line code(1): array_map(Object(Closure), Array, Array)
#3 {main}
  thrown {"exception":"[object] (Symfony\\Component\\Debug\\Exception\\FatalErrorException(code: 1): Uncaught ReflectionException: Class App\\Policies\\ModelPolicy does not exist in Command line code:1
Stack trace:
#0 Command line code(1): ReflectionClass->__construct('App\\\\Policies\\\\Mo...')
#1 [internal function]: {closure}('App\\\\Policies\\\\Mo...', 'App\\\\Model')
#2 Command line code(1): array_map(Object(Closure), Array, Array)
#3 {main}
  thrown at Command line code:1)
[stacktrace]
#0 {main}
"} 
